<?xml version="1.0" encoding="UTF-8"?>
<!-- Generated by org.testng.reporters.JUnitXMLReporter -->
<testsuite hostname="DESKTOP-987SG1D" ignored="0" name="Default test" tests="3" failures="0" timestamp="2022-12-08T12:43:40 IST" time="2.58" errors="0">
  <testcase name="@BeforeMethod setUp" time="2.41" classname="Testcases.AJIO_01_PageTest">
    <failure type="org.openqa.selenium.WebDriverException" message="unknown error: failed to write prefs file
Build info: version: &amp;apos;3.141.59&amp;apos;, revision: &amp;apos;e82be7d358&amp;apos;, time: &amp;apos;2018-11-14T08:25:53&amp;apos;
System info: host: &amp;apos;DESKTOP-987SG1D&amp;apos;, ip: &amp;apos;192.168.99.1&amp;apos;, os.name: &amp;apos;Windows 10&amp;apos;, os.arch: &amp;apos;amd64&amp;apos;, os.version: &amp;apos;10.0&amp;apos;, java.version: &amp;apos;1.8.0_191&amp;apos;
Driver info: driver.version: ChromeDriver
remote stacktrace: Backtrace:
	Ordinal0 [0x00FEACD3+2075859]
	Ordinal0 [0x00F7EE61+1633889]
	Ordinal0 [0x00E7B7BD+571325]
	Ordinal0 [0x00E9CD87+707975]
	Ordinal0 [0x00E9CF0A+708362]
	Ordinal0 [0x00E9A2EA+697066]
	Ordinal0 [0x00E96BE9+682985]
	Ordinal0 [0x00ECDBD3+908243]
	Ordinal0 [0x00ECD6AA+906922]
	Ordinal0 [0x00EC7136+880950]
	Ordinal0 [0x00E9FEFD+720637]
	Ordinal0 [0x00EA0F3F+724799]
	GetHandleVerifier [0x0129EED2+2769538]
	GetHandleVerifier [0x01290D95+2711877]
	GetHandleVerifier [0x0107A03A+521194]
	GetHandleVerifier [0x01078DA0+516432]
	Ordinal0 [0x00F8682C+1665068]
	Ordinal0 [0x00F8B128+1683752]
	Ordinal0 [0x00F8B215+1683989]
	Ordinal0 [0x00F96484+1729668]
	BaseThreadInitThunk [0x754362C4+36]
	RtlSubscribeWnfStateChangeNotification [0x77681B69+1081]
	RtlSubscribeWnfStateChangeNotification [0x77681B34+1028]
">
      <![CDATA[org.openqa.selenium.WebDriverException: unknown error: failed to write prefs file
Build info: version: '3.141.59', revision: 'e82be7d358', time: '2018-11-14T08:25:53'
System info: host: 'DESKTOP-987SG1D', ip: '192.168.99.1', os.name: 'Windows 10', os.arch: 'amd64', os.version: '10.0', java.version: '1.8.0_191'
Driver info: driver.version: ChromeDriver
remote stacktrace: Backtrace:
Ordinal0 [0x00FEACD3+2075859]
Ordinal0 [0x00F7EE61+1633889]
Ordinal0 [0x00E7B7BD+571325]
Ordinal0 [0x00E9CD87+707975]
Ordinal0 [0x00E9CF0A+708362]
Ordinal0 [0x00E9A2EA+697066]
Ordinal0 [0x00E96BE9+682985]
Ordinal0 [0x00ECDBD3+908243]
Ordinal0 [0x00ECD6AA+906922]
Ordinal0 [0x00EC7136+880950]
Ordinal0 [0x00E9FEFD+720637]
Ordinal0 [0x00EA0F3F+724799]
GetHandleVerifier [0x0129EED2+2769538]
GetHandleVerifier [0x01290D95+2711877]
GetHandleVerifier [0x0107A03A+521194]
GetHandleVerifier [0x01078DA0+516432]
Ordinal0 [0x00F8682C+1665068]
Ordinal0 [0x00F8B128+1683752]
Ordinal0 [0x00F8B215+1683989]
Ordinal0 [0x00F96484+1729668]
BaseThreadInitThunk [0x754362C4+36]
RtlSubscribeWnfStateChangeNotification [0x77681B69+1081]
RtlSubscribeWnfStateChangeNotification [0x77681B34+1028]

at sun.reflect.NativeConstructorAccessorImpl.newInstance0(Native Method)
at sun.reflect.NativeConstructorAccessorImpl.newInstance(NativeConstructorAccessorImpl.java:62)
at sun.reflect.DelegatingConstructorAccessorImpl.newInstance(DelegatingConstructorAccessorImpl.java:45)
at java.lang.reflect.Constructor.newInstance(Constructor.java:423)
at org.openqa.selenium.remote.W3CHandshakeResponse.lambda$errorHandler$0(W3CHandshakeResponse.java:62)
at org.openqa.selenium.remote.HandshakeResponse.lambda$getResponseFunction$0(HandshakeResponse.java:30)
at org.openqa.selenium.remote.ProtocolHandshake.lambda$createSession$0(ProtocolHandshake.java:126)
at java.util.stream.ReferencePipeline$3$1.accept(ReferencePipeline.java:193)
at java.util.Spliterators$ArraySpliterator.tryAdvance(Spliterators.java:958)
at java.util.stream.ReferencePipeline.forEachWithCancel(ReferencePipeline.java:126)
at java.util.stream.AbstractPipeline.copyIntoWithCancel(AbstractPipeline.java:498)
at java.util.stream.AbstractPipeline.copyInto(AbstractPipeline.java:485)
at java.util.stream.AbstractPipeline.wrapAndCopyInto(AbstractPipeline.java:471)
at java.util.stream.FindOps$FindOp.evaluateSequential(FindOps.java:152)
at java.util.stream.AbstractPipeline.evaluate(AbstractPipeline.java:234)
at java.util.stream.ReferencePipeline.findFirst(ReferencePipeline.java:464)
at org.openqa.selenium.remote.ProtocolHandshake.createSession(ProtocolHandshake.java:128)
at org.openqa.selenium.remote.ProtocolHandshake.createSession(ProtocolHandshake.java:74)
at org.openqa.selenium.remote.HttpCommandExecutor.execute(HttpCommandExecutor.java:136)
at org.openqa.selenium.remote.service.DriverCommandExecutor.execute(DriverCommandExecutor.java:83)
at org.openqa.selenium.remote.RemoteWebDriver.execute(RemoteWebDriver.java:552)
at org.openqa.selenium.remote.RemoteWebDriver.startSession(RemoteWebDriver.java:213)
at org.openqa.selenium.remote.RemoteWebDriver.<init>(RemoteWebDriver.java:131)
at org.openqa.selenium.chrome.ChromeDriver.<init>(ChromeDriver.java:181)
at org.openqa.selenium.chrome.ChromeDriver.<init>(ChromeDriver.java:168)
at org.openqa.selenium.chrome.ChromeDriver.<init>(ChromeDriver.java:123)
at base.TestBase.inti(TestBase.java:66)
at Testcases.AJIO_01_PageTest.setUp(AJIO_01_PageTest.java:25)
at sun.reflect.NativeMethodAccessorImpl.invoke0(Native Method)
at sun.reflect.NativeMethodAccessorImpl.invoke(NativeMethodAccessorImpl.java:62)
at sun.reflect.DelegatingMethodAccessorImpl.invoke(DelegatingMethodAccessorImpl.java:43)
at java.lang.reflect.Method.invoke(Method.java:498)
at org.testng.internal.MethodInvocationHelper.invokeMethod(MethodInvocationHelper.java:135)
at org.testng.internal.MethodInvocationHelper.invokeMethodConsideringTimeout(MethodInvocationHelper.java:64)
at org.testng.internal.ConfigInvoker.invokeConfigurationMethod(ConfigInvoker.java:364)
at org.testng.internal.ConfigInvoker.invokeConfigurations(ConfigInvoker.java:318)
at org.testng.internal.TestInvoker.runConfigMethods(TestInvoker.java:700)
at org.testng.internal.TestInvoker.invokeMethod(TestInvoker.java:527)
at org.testng.internal.TestInvoker.invokeTestMethod(TestInvoker.java:174)
at org.testng.internal.MethodRunner.runInSequence(MethodRunner.java:46)
at org.testng.internal.TestInvoker$MethodInvocationAgent.invoke(TestInvoker.java:821)
at org.testng.internal.TestInvoker.invokeTestMethods(TestInvoker.java:147)
at org.testng.internal.TestMethodWorker.invokeTestMethods(TestMethodWorker.java:146)
at org.testng.internal.TestMethodWorker.run(TestMethodWorker.java:128)
at java.util.ArrayList.forEach(ArrayList.java:1257)
at org.testng.TestRunner.privateRun(TestRunner.java:767)
at org.testng.TestRunner.run(TestRunner.java:588)
at org.testng.SuiteRunner.runTest(SuiteRunner.java:384)
at org.testng.SuiteRunner.runSequentially(SuiteRunner.java:378)
at org.testng.SuiteRunner.privateRun(SuiteRunner.java:337)
at org.testng.SuiteRunner.run(SuiteRunner.java:286)
at org.testng.SuiteRunnerWorker.runSuite(SuiteRunnerWorker.java:53)
at org.testng.SuiteRunnerWorker.run(SuiteRunnerWorker.java:96)
at org.testng.TestNG.runSuitesSequentially(TestNG.java:1214)
at org.testng.TestNG.runSuitesLocally(TestNG.java:1136)
at org.testng.TestNG.runSuites(TestNG.java:1066)
at org.testng.TestNG.run(TestNG.java:1034)
at org.testng.remote.AbstractRemoteTestNG.run(AbstractRemoteTestNG.java:115)
at org.testng.remote.RemoteTestNG.initAndRun(RemoteTestNG.java:251)
at org.testng.remote.RemoteTestNG.main(RemoteTestNG.java:77)
]]>
    </failure>
  </testcase> <!-- @BeforeMethod setUp -->
  <testcase name="@AfterMethod tearDown" time="-1.670483620718E9" classname="Testcases.AJIO_01_PageTest">
    <skipped/>
  </testcase> <!-- @AfterMethod tearDown -->
  <testcase name="@BeforeMethod setUp" time="-1.670483620725E9" classname="Testcases.AJIO_01_PageTest">
    <skipped/>
  </testcase> <!-- @BeforeMethod setUp -->
  <testcase name="@AfterMethod tearDown" time="-1.670483620741E9" classname="Testcases.AJIO_01_PageTest">
    <skipped/>
  </testcase> <!-- @AfterMethod tearDown -->
  <testcase name="@BeforeMethod setUp" time="-1.670483620751E9" classname="Testcases.AJIO_01_PageTest">
    <skipped/>
  </testcase> <!-- @BeforeMethod setUp -->
  <testcase name="@AfterMethod tearDown" time="-1.670483620773E9" classname="Testcases.AJIO_01_PageTest">
    <skipped/>
  </testcase> <!-- @AfterMethod tearDown -->
  <testcase name="verifySearchBox" time="0.0" classname="Testcases.AJIO_01_PageTest">
    <skipped/>
  </testcase> <!-- verifySearchBox -->
  <testcase name="verifySearchbtn" time="0.0" classname="Testcases.AJIO_01_PageTest">
    <skipped/>
  </testcase> <!-- verifySearchbtn -->
  <testcase name="verifySearchluckybtn" time="0.0" classname="Testcases.AJIO_01_PageTest">
    <skipped/>
  </testcase> <!-- verifySearchluckybtn -->
</testsuite> <!-- Default test -->
