<?xml version="1.0" encoding="UTF-8"?>
<testng-results skipped="3" failed="0" ignored="0" total="3" passed="0">
  <reporter-output>
  </reporter-output>
  <suite name="Default suite" duration-ms="2580" started-at="2022-12-08T12:43:38 IST" finished-at="2022-12-08T12:43:40 IST">
    <groups>
    </groups>
    <test name="Default test" duration-ms="2580" started-at="2022-12-08T12:43:38 IST" finished-at="2022-12-08T12:43:40 IST">
      <class name="Testcases.AJIO_01_PageTest">
        <test-method status="FAIL" signature="setUp()[pri:0, instance:Testcases.AJIO_01_PageTest@df27fae]" name="setUp" is-config="true" duration-ms="2410" started-at="2022-12-08T12:43:38 IST" finished-at="2022-12-08T12:43:40 IST">
          <exception class="org.openqa.selenium.WebDriverException">
            <message>
              <![CDATA[unknown error: failed to write prefs file
Build info: version: '3.141.59', revision: 'e82be7d358', time: '2018-11-14T08:25:53'
System info: host: 'DESKTOP-987SG1D', ip: '192.168.99.1', os.name: 'Windows 10', os.arch: 'amd64', os.version: '10.0', java.version: '1.8.0_191'
Driver info: driver.version: ChromeDriver
remote stacktrace: Backtrace:
Ordinal0 [0x00FEACD3+2075859]
Ordinal0 [0x00F7EE61+1633889]
Ordinal0 [0x00E7B7BD+571325]
Ordinal0 [0x00E9CD87+707975]
Ordinal0 [0x00E9CF0A+708362]
Ordinal0 [0x00E9A2EA+697066]
Ordinal0 [0x00E96BE9+682985]
Ordinal0 [0x00ECDBD3+908243]
Ordinal0 [0x00ECD6AA+906922]
Ordinal0 [0x00EC7136+880950]
Ordinal0 [0x00E9FEFD+720637]
Ordinal0 [0x00EA0F3F+724799]
GetHandleVerifier [0x0129EED2+2769538]
GetHandleVerifier [0x01290D95+2711877]
GetHandleVerifier [0x0107A03A+521194]
GetHandleVerifier [0x01078DA0+516432]
Ordinal0 [0x00F8682C+1665068]
Ordinal0 [0x00F8B128+1683752]
Ordinal0 [0x00F8B215+1683989]
Ordinal0 [0x00F96484+1729668]
BaseThreadInitThunk [0x754362C4+36]
RtlSubscribeWnfStateChangeNotification [0x77681B69+1081]
RtlSubscribeWnfStateChangeNotification [0x77681B34+1028]
]]>
            </message>
            <full-stacktrace>
              <![CDATA[org.openqa.selenium.WebDriverException: unknown error: failed to write prefs file
Build info: version: '3.141.59', revision: 'e82be7d358', time: '2018-11-14T08:25:53'
System info: host: 'DESKTOP-987SG1D', ip: '192.168.99.1', os.name: 'Windows 10', os.arch: 'amd64', os.version: '10.0', java.version: '1.8.0_191'
Driver info: driver.version: ChromeDriver
remote stacktrace: Backtrace:
Ordinal0 [0x00FEACD3+2075859]
Ordinal0 [0x00F7EE61+1633889]
Ordinal0 [0x00E7B7BD+571325]
Ordinal0 [0x00E9CD87+707975]
Ordinal0 [0x00E9CF0A+708362]
Ordinal0 [0x00E9A2EA+697066]
Ordinal0 [0x00E96BE9+682985]
Ordinal0 [0x00ECDBD3+908243]
Ordinal0 [0x00ECD6AA+906922]
Ordinal0 [0x00EC7136+880950]
Ordinal0 [0x00E9FEFD+720637]
Ordinal0 [0x00EA0F3F+724799]
GetHandleVerifier [0x0129EED2+2769538]
GetHandleVerifier [0x01290D95+2711877]
GetHandleVerifier [0x0107A03A+521194]
GetHandleVerifier [0x01078DA0+516432]
Ordinal0 [0x00F8682C+1665068]
Ordinal0 [0x00F8B128+1683752]
Ordinal0 [0x00F8B215+1683989]
Ordinal0 [0x00F96484+1729668]
BaseThreadInitThunk [0x754362C4+36]
RtlSubscribeWnfStateChangeNotification [0x77681B69+1081]
RtlSubscribeWnfStateChangeNotification [0x77681B34+1028]

at sun.reflect.NativeConstructorAccessorImpl.newInstance0(Native Method)
at sun.reflect.NativeConstructorAccessorImpl.newInstance(NativeConstructorAccessorImpl.java:62)
at sun.reflect.DelegatingConstructorAccessorImpl.newInstance(DelegatingConstructorAccessorImpl.java:45)
at java.lang.reflect.Constructor.newInstance(Constructor.java:423)
at org.openqa.selenium.remote.W3CHandshakeResponse.lambda$errorHandler$0(W3CHandshakeResponse.java:62)
at org.openqa.selenium.remote.HandshakeResponse.lambda$getResponseFunction$0(HandshakeResponse.java:30)
at org.openqa.selenium.remote.ProtocolHandshake.lambda$createSession$0(ProtocolHandshake.java:126)
at java.util.stream.ReferencePipeline$3$1.accept(ReferencePipeline.java:193)
at java.util.Spliterators$ArraySpliterator.tryAdvance(Spliterators.java:958)
at java.util.stream.ReferencePipeline.forEachWithCancel(ReferencePipeline.java:126)
at java.util.stream.AbstractPipeline.copyIntoWithCancel(AbstractPipeline.java:498)
at java.util.stream.AbstractPipeline.copyInto(AbstractPipeline.java:485)
at java.util.stream.AbstractPipeline.wrapAndCopyInto(AbstractPipeline.java:471)
at java.util.stream.FindOps$FindOp.evaluateSequential(FindOps.java:152)
at java.util.stream.AbstractPipeline.evaluate(AbstractPipeline.java:234)
at java.util.stream.ReferencePipeline.findFirst(ReferencePipeline.java:464)
at org.openqa.selenium.remote.ProtocolHandshake.createSession(ProtocolHandshake.java:128)
at org.openqa.selenium.remote.ProtocolHandshake.createSession(ProtocolHandshake.java:74)
at org.openqa.selenium.remote.HttpCommandExecutor.execute(HttpCommandExecutor.java:136)
at org.openqa.selenium.remote.service.DriverCommandExecutor.execute(DriverCommandExecutor.java:83)
at org.openqa.selenium.remote.RemoteWebDriver.execute(RemoteWebDriver.java:552)
at org.openqa.selenium.remote.RemoteWebDriver.startSession(RemoteWebDriver.java:213)
at org.openqa.selenium.remote.RemoteWebDriver.<init>(RemoteWebDriver.java:131)
at org.openqa.selenium.chrome.ChromeDriver.<init>(ChromeDriver.java:181)
at org.openqa.selenium.chrome.ChromeDriver.<init>(ChromeDriver.java:168)
at org.openqa.selenium.chrome.ChromeDriver.<init>(ChromeDriver.java:123)
at base.TestBase.inti(TestBase.java:66)
at Testcases.AJIO_01_PageTest.setUp(AJIO_01_PageTest.java:25)
at sun.reflect.NativeMethodAccessorImpl.invoke0(Native Method)
at sun.reflect.NativeMethodAccessorImpl.invoke(NativeMethodAccessorImpl.java:62)
at sun.reflect.DelegatingMethodAccessorImpl.invoke(DelegatingMethodAccessorImpl.java:43)
at java.lang.reflect.Method.invoke(Method.java:498)
at org.testng.internal.MethodInvocationHelper.invokeMethod(MethodInvocationHelper.java:135)
at org.testng.internal.MethodInvocationHelper.invokeMethodConsideringTimeout(MethodInvocationHelper.java:64)
at org.testng.internal.ConfigInvoker.invokeConfigurationMethod(ConfigInvoker.java:364)
at org.testng.internal.ConfigInvoker.invokeConfigurations(ConfigInvoker.java:318)
at org.testng.internal.TestInvoker.runConfigMethods(TestInvoker.java:700)
at org.testng.internal.TestInvoker.invokeMethod(TestInvoker.java:527)
at org.testng.internal.TestInvoker.invokeTestMethod(TestInvoker.java:174)
at org.testng.internal.MethodRunner.runInSequence(MethodRunner.java:46)
at org.testng.internal.TestInvoker$MethodInvocationAgent.invoke(TestInvoker.java:821)
at org.testng.internal.TestInvoker.invokeTestMethods(TestInvoker.java:147)
at org.testng.internal.TestMethodWorker.invokeTestMethods(TestMethodWorker.java:146)
at org.testng.internal.TestMethodWorker.run(TestMethodWorker.java:128)
at java.util.ArrayList.forEach(ArrayList.java:1257)
at org.testng.TestRunner.privateRun(TestRunner.java:767)
at org.testng.TestRunner.run(TestRunner.java:588)
at org.testng.SuiteRunner.runTest(SuiteRunner.java:384)
at org.testng.SuiteRunner.runSequentially(SuiteRunner.java:378)
at org.testng.SuiteRunner.privateRun(SuiteRunner.java:337)
at org.testng.SuiteRunner.run(SuiteRunner.java:286)
at org.testng.SuiteRunnerWorker.runSuite(SuiteRunnerWorker.java:53)
at org.testng.SuiteRunnerWorker.run(SuiteRunnerWorker.java:96)
at org.testng.TestNG.runSuitesSequentially(TestNG.java:1214)
at org.testng.TestNG.runSuitesLocally(TestNG.java:1136)
at org.testng.TestNG.runSuites(TestNG.java:1066)
at org.testng.TestNG.run(TestNG.java:1034)
at org.testng.remote.AbstractRemoteTestNG.run(AbstractRemoteTestNG.java:115)
at org.testng.remote.RemoteTestNG.initAndRun(RemoteTestNG.java:251)
at org.testng.remote.RemoteTestNG.main(RemoteTestNG.java:77)
]]>
            </full-stacktrace>
          </exception> <!-- org.openqa.selenium.WebDriverException -->
          <reporter-output>
          </reporter-output>
        </test-method> <!-- setUp -->
        <test-method status="SKIP" signature="verifySearchBox()[pri:1, instance:Testcases.AJIO_01_PageTest@df27fae]" name="verifySearchBox" duration-ms="0" started-at="2022-12-08T12:43:40 IST" finished-at="2022-12-08T12:43:40 IST">
          <exception class="org.openqa.selenium.WebDriverException">
            <message>
              <![CDATA[unknown error: failed to write prefs file
Build info: version: '3.141.59', revision: 'e82be7d358', time: '2018-11-14T08:25:53'
System info: host: 'DESKTOP-987SG1D', ip: '192.168.99.1', os.name: 'Windows 10', os.arch: 'amd64', os.version: '10.0', java.version: '1.8.0_191'
Driver info: driver.version: ChromeDriver
remote stacktrace: Backtrace:
Ordinal0 [0x00FEACD3+2075859]
Ordinal0 [0x00F7EE61+1633889]
Ordinal0 [0x00E7B7BD+571325]
Ordinal0 [0x00E9CD87+707975]
Ordinal0 [0x00E9CF0A+708362]
Ordinal0 [0x00E9A2EA+697066]
Ordinal0 [0x00E96BE9+682985]
Ordinal0 [0x00ECDBD3+908243]
Ordinal0 [0x00ECD6AA+906922]
Ordinal0 [0x00EC7136+880950]
Ordinal0 [0x00E9FEFD+720637]
Ordinal0 [0x00EA0F3F+724799]
GetHandleVerifier [0x0129EED2+2769538]
GetHandleVerifier [0x01290D95+2711877]
GetHandleVerifier [0x0107A03A+521194]
GetHandleVerifier [0x01078DA0+516432]
Ordinal0 [0x00F8682C+1665068]
Ordinal0 [0x00F8B128+1683752]
Ordinal0 [0x00F8B215+1683989]
Ordinal0 [0x00F96484+1729668]
BaseThreadInitThunk [0x754362C4+36]
RtlSubscribeWnfStateChangeNotification [0x77681B69+1081]
RtlSubscribeWnfStateChangeNotification [0x77681B34+1028]
]]>
            </message>
            <full-stacktrace>
              <![CDATA[org.openqa.selenium.WebDriverException: unknown error: failed to write prefs file
Build info: version: '3.141.59', revision: 'e82be7d358', time: '2018-11-14T08:25:53'
System info: host: 'DESKTOP-987SG1D', ip: '192.168.99.1', os.name: 'Windows 10', os.arch: 'amd64', os.version: '10.0', java.version: '1.8.0_191'
Driver info: driver.version: ChromeDriver
remote stacktrace: Backtrace:
Ordinal0 [0x00FEACD3+2075859]
Ordinal0 [0x00F7EE61+1633889]
Ordinal0 [0x00E7B7BD+571325]
Ordinal0 [0x00E9CD87+707975]
Ordinal0 [0x00E9CF0A+708362]
Ordinal0 [0x00E9A2EA+697066]
Ordinal0 [0x00E96BE9+682985]
Ordinal0 [0x00ECDBD3+908243]
Ordinal0 [0x00ECD6AA+906922]
Ordinal0 [0x00EC7136+880950]
Ordinal0 [0x00E9FEFD+720637]
Ordinal0 [0x00EA0F3F+724799]
GetHandleVerifier [0x0129EED2+2769538]
GetHandleVerifier [0x01290D95+2711877]
GetHandleVerifier [0x0107A03A+521194]
GetHandleVerifier [0x01078DA0+516432]
Ordinal0 [0x00F8682C+1665068]
Ordinal0 [0x00F8B128+1683752]
Ordinal0 [0x00F8B215+1683989]
Ordinal0 [0x00F96484+1729668]
BaseThreadInitThunk [0x754362C4+36]
RtlSubscribeWnfStateChangeNotification [0x77681B69+1081]
RtlSubscribeWnfStateChangeNotification [0x77681B34+1028]

at sun.reflect.NativeConstructorAccessorImpl.newInstance0(Native Method)
at sun.reflect.NativeConstructorAccessorImpl.newInstance(NativeConstructorAccessorImpl.java:62)
at sun.reflect.DelegatingConstructorAccessorImpl.newInstance(DelegatingConstructorAccessorImpl.java:45)
at java.lang.reflect.Constructor.newInstance(Constructor.java:423)
at org.openqa.selenium.remote.W3CHandshakeResponse.lambda$errorHandler$0(W3CHandshakeResponse.java:62)
at org.openqa.selenium.remote.HandshakeResponse.lambda$getResponseFunction$0(HandshakeResponse.java:30)
at org.openqa.selenium.remote.ProtocolHandshake.lambda$createSession$0(ProtocolHandshake.java:126)
at java.util.stream.ReferencePipeline$3$1.accept(ReferencePipeline.java:193)
at java.util.Spliterators$ArraySpliterator.tryAdvance(Spliterators.java:958)
at java.util.stream.ReferencePipeline.forEachWithCancel(ReferencePipeline.java:126)
at java.util.stream.AbstractPipeline.copyIntoWithCancel(AbstractPipeline.java:498)
at java.util.stream.AbstractPipeline.copyInto(AbstractPipeline.java:485)
at java.util.stream.AbstractPipeline.wrapAndCopyInto(AbstractPipeline.java:471)
at java.util.stream.FindOps$FindOp.evaluateSequential(FindOps.java:152)
at java.util.stream.AbstractPipeline.evaluate(AbstractPipeline.java:234)
at java.util.stream.ReferencePipeline.findFirst(ReferencePipeline.java:464)
at org.openqa.selenium.remote.ProtocolHandshake.createSession(ProtocolHandshake.java:128)
at org.openqa.selenium.remote.ProtocolHandshake.createSession(ProtocolHandshake.java:74)
at org.openqa.selenium.remote.HttpCommandExecutor.execute(HttpCommandExecutor.java:136)
at org.openqa.selenium.remote.service.DriverCommandExecutor.execute(DriverCommandExecutor.java:83)
at org.openqa.selenium.remote.RemoteWebDriver.execute(RemoteWebDriver.java:552)
at org.openqa.selenium.remote.RemoteWebDriver.startSession(RemoteWebDriver.java:213)
at org.openqa.selenium.remote.RemoteWebDriver.<init>(RemoteWebDriver.java:131)
at org.openqa.selenium.chrome.ChromeDriver.<init>(ChromeDriver.java:181)
at org.openqa.selenium.chrome.ChromeDriver.<init>(ChromeDriver.java:168)
at org.openqa.selenium.chrome.ChromeDriver.<init>(ChromeDriver.java:123)
at base.TestBase.inti(TestBase.java:66)
at Testcases.AJIO_01_PageTest.setUp(AJIO_01_PageTest.java:25)
at sun.reflect.NativeMethodAccessorImpl.invoke0(Native Method)
at sun.reflect.NativeMethodAccessorImpl.invoke(NativeMethodAccessorImpl.java:62)
at sun.reflect.DelegatingMethodAccessorImpl.invoke(DelegatingMethodAccessorImpl.java:43)
at java.lang.reflect.Method.invoke(Method.java:498)
at org.testng.internal.MethodInvocationHelper.invokeMethod(MethodInvocationHelper.java:135)
at org.testng.internal.MethodInvocationHelper.invokeMethodConsideringTimeout(MethodInvocationHelper.java:64)
at org.testng.internal.ConfigInvoker.invokeConfigurationMethod(ConfigInvoker.java:364)
at org.testng.internal.ConfigInvoker.invokeConfigurations(ConfigInvoker.java:318)
at org.testng.internal.TestInvoker.runConfigMethods(TestInvoker.java:700)
at org.testng.internal.TestInvoker.invokeMethod(TestInvoker.java:527)
at org.testng.internal.TestInvoker.invokeTestMethod(TestInvoker.java:174)
at org.testng.internal.MethodRunner.runInSequence(MethodRunner.java:46)
at org.testng.internal.TestInvoker$MethodInvocationAgent.invoke(TestInvoker.java:821)
at org.testng.internal.TestInvoker.invokeTestMethods(TestInvoker.java:147)
at org.testng.internal.TestMethodWorker.invokeTestMethods(TestMethodWorker.java:146)
at org.testng.internal.TestMethodWorker.run(TestMethodWorker.java:128)
at java.util.ArrayList.forEach(ArrayList.java:1257)
at org.testng.TestRunner.privateRun(TestRunner.java:767)
at org.testng.TestRunner.run(TestRunner.java:588)
at org.testng.SuiteRunner.runTest(SuiteRunner.java:384)
at org.testng.SuiteRunner.runSequentially(SuiteRunner.java:378)
at org.testng.SuiteRunner.privateRun(SuiteRunner.java:337)
at org.testng.SuiteRunner.run(SuiteRunner.java:286)
at org.testng.SuiteRunnerWorker.runSuite(SuiteRunnerWorker.java:53)
at org.testng.SuiteRunnerWorker.run(SuiteRunnerWorker.java:96)
at org.testng.TestNG.runSuitesSequentially(TestNG.java:1214)
at org.testng.TestNG.runSuitesLocally(TestNG.java:1136)
at org.testng.TestNG.runSuites(TestNG.java:1066)
at org.testng.TestNG.run(TestNG.java:1034)
at org.testng.remote.AbstractRemoteTestNG.run(AbstractRemoteTestNG.java:115)
at org.testng.remote.RemoteTestNG.initAndRun(RemoteTestNG.java:251)
at org.testng.remote.RemoteTestNG.main(RemoteTestNG.java:77)
]]>
            </full-stacktrace>
          </exception> <!-- org.openqa.selenium.WebDriverException -->
          <reporter-output>
          </reporter-output>
        </test-method> <!-- verifySearchBox -->
        <test-method status="SKIP" signature="tearDown()[pri:0, instance:Testcases.AJIO_01_PageTest@df27fae]" name="tearDown" is-config="true" duration-ms="-1670483620718" started-at="2022-12-08T12:43:40 IST" finished-at="1970-01-01T05:30:00 IST">
          <reporter-output>
          </reporter-output>
        </test-method> <!-- tearDown -->
        <test-method status="SKIP" signature="setUp()[pri:0, instance:Testcases.AJIO_01_PageTest@df27fae]" name="setUp" is-config="true" duration-ms="-1670483620725" started-at="2022-12-08T12:43:40 IST" finished-at="1970-01-01T05:30:00 IST">
          <reporter-output>
          </reporter-output>
        </test-method> <!-- setUp -->
        <test-method status="SKIP" signature="verifySearchbtn()[pri:2, instance:Testcases.AJIO_01_PageTest@df27fae]" name="verifySearchbtn" duration-ms="0" started-at="2022-12-08T12:43:40 IST" finished-at="2022-12-08T12:43:40 IST">
          <exception class="org.openqa.selenium.WebDriverException">
            <message>
              <![CDATA[unknown error: failed to write prefs file
Build info: version: '3.141.59', revision: 'e82be7d358', time: '2018-11-14T08:25:53'
System info: host: 'DESKTOP-987SG1D', ip: '192.168.99.1', os.name: 'Windows 10', os.arch: 'amd64', os.version: '10.0', java.version: '1.8.0_191'
Driver info: driver.version: ChromeDriver
remote stacktrace: Backtrace:
Ordinal0 [0x00FEACD3+2075859]
Ordinal0 [0x00F7EE61+1633889]
Ordinal0 [0x00E7B7BD+571325]
Ordinal0 [0x00E9CD87+707975]
Ordinal0 [0x00E9CF0A+708362]
Ordinal0 [0x00E9A2EA+697066]
Ordinal0 [0x00E96BE9+682985]
Ordinal0 [0x00ECDBD3+908243]
Ordinal0 [0x00ECD6AA+906922]
Ordinal0 [0x00EC7136+880950]
Ordinal0 [0x00E9FEFD+720637]
Ordinal0 [0x00EA0F3F+724799]
GetHandleVerifier [0x0129EED2+2769538]
GetHandleVerifier [0x01290D95+2711877]
GetHandleVerifier [0x0107A03A+521194]
GetHandleVerifier [0x01078DA0+516432]
Ordinal0 [0x00F8682C+1665068]
Ordinal0 [0x00F8B128+1683752]
Ordinal0 [0x00F8B215+1683989]
Ordinal0 [0x00F96484+1729668]
BaseThreadInitThunk [0x754362C4+36]
RtlSubscribeWnfStateChangeNotification [0x77681B69+1081]
RtlSubscribeWnfStateChangeNotification [0x77681B34+1028]
]]>
            </message>
            <full-stacktrace>
              <![CDATA[org.openqa.selenium.WebDriverException: unknown error: failed to write prefs file
Build info: version: '3.141.59', revision: 'e82be7d358', time: '2018-11-14T08:25:53'
System info: host: 'DESKTOP-987SG1D', ip: '192.168.99.1', os.name: 'Windows 10', os.arch: 'amd64', os.version: '10.0', java.version: '1.8.0_191'
Driver info: driver.version: ChromeDriver
remote stacktrace: Backtrace:
Ordinal0 [0x00FEACD3+2075859]
Ordinal0 [0x00F7EE61+1633889]
Ordinal0 [0x00E7B7BD+571325]
Ordinal0 [0x00E9CD87+707975]
Ordinal0 [0x00E9CF0A+708362]
Ordinal0 [0x00E9A2EA+697066]
Ordinal0 [0x00E96BE9+682985]
Ordinal0 [0x00ECDBD3+908243]
Ordinal0 [0x00ECD6AA+906922]
Ordinal0 [0x00EC7136+880950]
Ordinal0 [0x00E9FEFD+720637]
Ordinal0 [0x00EA0F3F+724799]
GetHandleVerifier [0x0129EED2+2769538]
GetHandleVerifier [0x01290D95+2711877]
GetHandleVerifier [0x0107A03A+521194]
GetHandleVerifier [0x01078DA0+516432]
Ordinal0 [0x00F8682C+1665068]
Ordinal0 [0x00F8B128+1683752]
Ordinal0 [0x00F8B215+1683989]
Ordinal0 [0x00F96484+1729668]
BaseThreadInitThunk [0x754362C4+36]
RtlSubscribeWnfStateChangeNotification [0x77681B69+1081]
RtlSubscribeWnfStateChangeNotification [0x77681B34+1028]

at sun.reflect.NativeConstructorAccessorImpl.newInstance0(Native Method)
at sun.reflect.NativeConstructorAccessorImpl.newInstance(NativeConstructorAccessorImpl.java:62)
at sun.reflect.DelegatingConstructorAccessorImpl.newInstance(DelegatingConstructorAccessorImpl.java:45)
at java.lang.reflect.Constructor.newInstance(Constructor.java:423)
at org.openqa.selenium.remote.W3CHandshakeResponse.lambda$errorHandler$0(W3CHandshakeResponse.java:62)
at org.openqa.selenium.remote.HandshakeResponse.lambda$getResponseFunction$0(HandshakeResponse.java:30)
at org.openqa.selenium.remote.ProtocolHandshake.lambda$createSession$0(ProtocolHandshake.java:126)
at java.util.stream.ReferencePipeline$3$1.accept(ReferencePipeline.java:193)
at java.util.Spliterators$ArraySpliterator.tryAdvance(Spliterators.java:958)
at java.util.stream.ReferencePipeline.forEachWithCancel(ReferencePipeline.java:126)
at java.util.stream.AbstractPipeline.copyIntoWithCancel(AbstractPipeline.java:498)
at java.util.stream.AbstractPipeline.copyInto(AbstractPipeline.java:485)
at java.util.stream.AbstractPipeline.wrapAndCopyInto(AbstractPipeline.java:471)
at java.util.stream.FindOps$FindOp.evaluateSequential(FindOps.java:152)
at java.util.stream.AbstractPipeline.evaluate(AbstractPipeline.java:234)
at java.util.stream.ReferencePipeline.findFirst(ReferencePipeline.java:464)
at org.openqa.selenium.remote.ProtocolHandshake.createSession(ProtocolHandshake.java:128)
at org.openqa.selenium.remote.ProtocolHandshake.createSession(ProtocolHandshake.java:74)
at org.openqa.selenium.remote.HttpCommandExecutor.execute(HttpCommandExecutor.java:136)
at org.openqa.selenium.remote.service.DriverCommandExecutor.execute(DriverCommandExecutor.java:83)
at org.openqa.selenium.remote.RemoteWebDriver.execute(RemoteWebDriver.java:552)
at org.openqa.selenium.remote.RemoteWebDriver.startSession(RemoteWebDriver.java:213)
at org.openqa.selenium.remote.RemoteWebDriver.<init>(RemoteWebDriver.java:131)
at org.openqa.selenium.chrome.ChromeDriver.<init>(ChromeDriver.java:181)
at org.openqa.selenium.chrome.ChromeDriver.<init>(ChromeDriver.java:168)
at org.openqa.selenium.chrome.ChromeDriver.<init>(ChromeDriver.java:123)
at base.TestBase.inti(TestBase.java:66)
at Testcases.AJIO_01_PageTest.setUp(AJIO_01_PageTest.java:25)
at sun.reflect.NativeMethodAccessorImpl.invoke0(Native Method)
at sun.reflect.NativeMethodAccessorImpl.invoke(NativeMethodAccessorImpl.java:62)
at sun.reflect.DelegatingMethodAccessorImpl.invoke(DelegatingMethodAccessorImpl.java:43)
at java.lang.reflect.Method.invoke(Method.java:498)
at org.testng.internal.MethodInvocationHelper.invokeMethod(MethodInvocationHelper.java:135)
at org.testng.internal.MethodInvocationHelper.invokeMethodConsideringTimeout(MethodInvocationHelper.java:64)
at org.testng.internal.ConfigInvoker.invokeConfigurationMethod(ConfigInvoker.java:364)
at org.testng.internal.ConfigInvoker.invokeConfigurations(ConfigInvoker.java:318)
at org.testng.internal.TestInvoker.runConfigMethods(TestInvoker.java:700)
at org.testng.internal.TestInvoker.invokeMethod(TestInvoker.java:527)
at org.testng.internal.TestInvoker.invokeTestMethod(TestInvoker.java:174)
at org.testng.internal.MethodRunner.runInSequence(MethodRunner.java:46)
at org.testng.internal.TestInvoker$MethodInvocationAgent.invoke(TestInvoker.java:821)
at org.testng.internal.TestInvoker.invokeTestMethods(TestInvoker.java:147)
at org.testng.internal.TestMethodWorker.invokeTestMethods(TestMethodWorker.java:146)
at org.testng.internal.TestMethodWorker.run(TestMethodWorker.java:128)
at java.util.ArrayList.forEach(ArrayList.java:1257)
at org.testng.TestRunner.privateRun(TestRunner.java:767)
at org.testng.TestRunner.run(TestRunner.java:588)
at org.testng.SuiteRunner.runTest(SuiteRunner.java:384)
at org.testng.SuiteRunner.runSequentially(SuiteRunner.java:378)
at org.testng.SuiteRunner.privateRun(SuiteRunner.java:337)
at org.testng.SuiteRunner.run(SuiteRunner.java:286)
at org.testng.SuiteRunnerWorker.runSuite(SuiteRunnerWorker.java:53)
at org.testng.SuiteRunnerWorker.run(SuiteRunnerWorker.java:96)
at org.testng.TestNG.runSuitesSequentially(TestNG.java:1214)
at org.testng.TestNG.runSuitesLocally(TestNG.java:1136)
at org.testng.TestNG.runSuites(TestNG.java:1066)
at org.testng.TestNG.run(TestNG.java:1034)
at org.testng.remote.AbstractRemoteTestNG.run(AbstractRemoteTestNG.java:115)
at org.testng.remote.RemoteTestNG.initAndRun(RemoteTestNG.java:251)
at org.testng.remote.RemoteTestNG.main(RemoteTestNG.java:77)
]]>
            </full-stacktrace>
          </exception> <!-- org.openqa.selenium.WebDriverException -->
          <reporter-output>
          </reporter-output>
        </test-method> <!-- verifySearchbtn -->
        <test-method status="SKIP" signature="tearDown()[pri:0, instance:Testcases.AJIO_01_PageTest@df27fae]" name="tearDown" is-config="true" duration-ms="-1670483620741" started-at="2022-12-08T12:43:40 IST" finished-at="1970-01-01T05:30:00 IST">
          <reporter-output>
          </reporter-output>
        </test-method> <!-- tearDown -->
        <test-method status="SKIP" signature="setUp()[pri:0, instance:Testcases.AJIO_01_PageTest@df27fae]" name="setUp" is-config="true" duration-ms="-1670483620751" started-at="2022-12-08T12:43:40 IST" finished-at="1970-01-01T05:30:00 IST">
          <reporter-output>
          </reporter-output>
        </test-method> <!-- setUp -->
        <test-method status="SKIP" signature="verifySearchluckybtn()[pri:3, instance:Testcases.AJIO_01_PageTest@df27fae]" name="verifySearchluckybtn" duration-ms="0" started-at="2022-12-08T12:43:40 IST" finished-at="2022-12-08T12:43:40 IST">
          <exception class="org.openqa.selenium.WebDriverException">
            <message>
              <![CDATA[unknown error: failed to write prefs file
Build info: version: '3.141.59', revision: 'e82be7d358', time: '2018-11-14T08:25:53'
System info: host: 'DESKTOP-987SG1D', ip: '192.168.99.1', os.name: 'Windows 10', os.arch: 'amd64', os.version: '10.0', java.version: '1.8.0_191'
Driver info: driver.version: ChromeDriver
remote stacktrace: Backtrace:
Ordinal0 [0x00FEACD3+2075859]
Ordinal0 [0x00F7EE61+1633889]
Ordinal0 [0x00E7B7BD+571325]
Ordinal0 [0x00E9CD87+707975]
Ordinal0 [0x00E9CF0A+708362]
Ordinal0 [0x00E9A2EA+697066]
Ordinal0 [0x00E96BE9+682985]
Ordinal0 [0x00ECDBD3+908243]
Ordinal0 [0x00ECD6AA+906922]
Ordinal0 [0x00EC7136+880950]
Ordinal0 [0x00E9FEFD+720637]
Ordinal0 [0x00EA0F3F+724799]
GetHandleVerifier [0x0129EED2+2769538]
GetHandleVerifier [0x01290D95+2711877]
GetHandleVerifier [0x0107A03A+521194]
GetHandleVerifier [0x01078DA0+516432]
Ordinal0 [0x00F8682C+1665068]
Ordinal0 [0x00F8B128+1683752]
Ordinal0 [0x00F8B215+1683989]
Ordinal0 [0x00F96484+1729668]
BaseThreadInitThunk [0x754362C4+36]
RtlSubscribeWnfStateChangeNotification [0x77681B69+1081]
RtlSubscribeWnfStateChangeNotification [0x77681B34+1028]
]]>
            </message>
            <full-stacktrace>
              <![CDATA[org.openqa.selenium.WebDriverException: unknown error: failed to write prefs file
Build info: version: '3.141.59', revision: 'e82be7d358', time: '2018-11-14T08:25:53'
System info: host: 'DESKTOP-987SG1D', ip: '192.168.99.1', os.name: 'Windows 10', os.arch: 'amd64', os.version: '10.0', java.version: '1.8.0_191'
Driver info: driver.version: ChromeDriver
remote stacktrace: Backtrace:
Ordinal0 [0x00FEACD3+2075859]
Ordinal0 [0x00F7EE61+1633889]
Ordinal0 [0x00E7B7BD+571325]
Ordinal0 [0x00E9CD87+707975]
Ordinal0 [0x00E9CF0A+708362]
Ordinal0 [0x00E9A2EA+697066]
Ordinal0 [0x00E96BE9+682985]
Ordinal0 [0x00ECDBD3+908243]
Ordinal0 [0x00ECD6AA+906922]
Ordinal0 [0x00EC7136+880950]
Ordinal0 [0x00E9FEFD+720637]
Ordinal0 [0x00EA0F3F+724799]
GetHandleVerifier [0x0129EED2+2769538]
GetHandleVerifier [0x01290D95+2711877]
GetHandleVerifier [0x0107A03A+521194]
GetHandleVerifier [0x01078DA0+516432]
Ordinal0 [0x00F8682C+1665068]
Ordinal0 [0x00F8B128+1683752]
Ordinal0 [0x00F8B215+1683989]
Ordinal0 [0x00F96484+1729668]
BaseThreadInitThunk [0x754362C4+36]
RtlSubscribeWnfStateChangeNotification [0x77681B69+1081]
RtlSubscribeWnfStateChangeNotification [0x77681B34+1028]

at sun.reflect.NativeConstructorAccessorImpl.newInstance0(Native Method)
at sun.reflect.NativeConstructorAccessorImpl.newInstance(NativeConstructorAccessorImpl.java:62)
at sun.reflect.DelegatingConstructorAccessorImpl.newInstance(DelegatingConstructorAccessorImpl.java:45)
at java.lang.reflect.Constructor.newInstance(Constructor.java:423)
at org.openqa.selenium.remote.W3CHandshakeResponse.lambda$errorHandler$0(W3CHandshakeResponse.java:62)
at org.openqa.selenium.remote.HandshakeResponse.lambda$getResponseFunction$0(HandshakeResponse.java:30)
at org.openqa.selenium.remote.ProtocolHandshake.lambda$createSession$0(ProtocolHandshake.java:126)
at java.util.stream.ReferencePipeline$3$1.accept(ReferencePipeline.java:193)
at java.util.Spliterators$ArraySpliterator.tryAdvance(Spliterators.java:958)
at java.util.stream.ReferencePipeline.forEachWithCancel(ReferencePipeline.java:126)
at java.util.stream.AbstractPipeline.copyIntoWithCancel(AbstractPipeline.java:498)
at java.util.stream.AbstractPipeline.copyInto(AbstractPipeline.java:485)
at java.util.stream.AbstractPipeline.wrapAndCopyInto(AbstractPipeline.java:471)
at java.util.stream.FindOps$FindOp.evaluateSequential(FindOps.java:152)
at java.util.stream.AbstractPipeline.evaluate(AbstractPipeline.java:234)
at java.util.stream.ReferencePipeline.findFirst(ReferencePipeline.java:464)
at org.openqa.selenium.remote.ProtocolHandshake.createSession(ProtocolHandshake.java:128)
at org.openqa.selenium.remote.ProtocolHandshake.createSession(ProtocolHandshake.java:74)
at org.openqa.selenium.remote.HttpCommandExecutor.execute(HttpCommandExecutor.java:136)
at org.openqa.selenium.remote.service.DriverCommandExecutor.execute(DriverCommandExecutor.java:83)
at org.openqa.selenium.remote.RemoteWebDriver.execute(RemoteWebDriver.java:552)
at org.openqa.selenium.remote.RemoteWebDriver.startSession(RemoteWebDriver.java:213)
at org.openqa.selenium.remote.RemoteWebDriver.<init>(RemoteWebDriver.java:131)
at org.openqa.selenium.chrome.ChromeDriver.<init>(ChromeDriver.java:181)
at org.openqa.selenium.chrome.ChromeDriver.<init>(ChromeDriver.java:168)
at org.openqa.selenium.chrome.ChromeDriver.<init>(ChromeDriver.java:123)
at base.TestBase.inti(TestBase.java:66)
at Testcases.AJIO_01_PageTest.setUp(AJIO_01_PageTest.java:25)
at sun.reflect.NativeMethodAccessorImpl.invoke0(Native Method)
at sun.reflect.NativeMethodAccessorImpl.invoke(NativeMethodAccessorImpl.java:62)
at sun.reflect.DelegatingMethodAccessorImpl.invoke(DelegatingMethodAccessorImpl.java:43)
at java.lang.reflect.Method.invoke(Method.java:498)
at org.testng.internal.MethodInvocationHelper.invokeMethod(MethodInvocationHelper.java:135)
at org.testng.internal.MethodInvocationHelper.invokeMethodConsideringTimeout(MethodInvocationHelper.java:64)
at org.testng.internal.ConfigInvoker.invokeConfigurationMethod(ConfigInvoker.java:364)
at org.testng.internal.ConfigInvoker.invokeConfigurations(ConfigInvoker.java:318)
at org.testng.internal.TestInvoker.runConfigMethods(TestInvoker.java:700)
at org.testng.internal.TestInvoker.invokeMethod(TestInvoker.java:527)
at org.testng.internal.TestInvoker.invokeTestMethod(TestInvoker.java:174)
at org.testng.internal.MethodRunner.runInSequence(MethodRunner.java:46)
at org.testng.internal.TestInvoker$MethodInvocationAgent.invoke(TestInvoker.java:821)
at org.testng.internal.TestInvoker.invokeTestMethods(TestInvoker.java:147)
at org.testng.internal.TestMethodWorker.invokeTestMethods(TestMethodWorker.java:146)
at org.testng.internal.TestMethodWorker.run(TestMethodWorker.java:128)
at java.util.ArrayList.forEach(ArrayList.java:1257)
at org.testng.TestRunner.privateRun(TestRunner.java:767)
at org.testng.TestRunner.run(TestRunner.java:588)
at org.testng.SuiteRunner.runTest(SuiteRunner.java:384)
at org.testng.SuiteRunner.runSequentially(SuiteRunner.java:378)
at org.testng.SuiteRunner.privateRun(SuiteRunner.java:337)
at org.testng.SuiteRunner.run(SuiteRunner.java:286)
at org.testng.SuiteRunnerWorker.runSuite(SuiteRunnerWorker.java:53)
at org.testng.SuiteRunnerWorker.run(SuiteRunnerWorker.java:96)
at org.testng.TestNG.runSuitesSequentially(TestNG.java:1214)
at org.testng.TestNG.runSuitesLocally(TestNG.java:1136)
at org.testng.TestNG.runSuites(TestNG.java:1066)
at org.testng.TestNG.run(TestNG.java:1034)
at org.testng.remote.AbstractRemoteTestNG.run(AbstractRemoteTestNG.java:115)
at org.testng.remote.RemoteTestNG.initAndRun(RemoteTestNG.java:251)
at org.testng.remote.RemoteTestNG.main(RemoteTestNG.java:77)
]]>
            </full-stacktrace>
          </exception> <!-- org.openqa.selenium.WebDriverException -->
          <reporter-output>
          </reporter-output>
        </test-method> <!-- verifySearchluckybtn -->
        <test-method status="SKIP" signature="tearDown()[pri:0, instance:Testcases.AJIO_01_PageTest@df27fae]" name="tearDown" is-config="true" duration-ms="-1670483620773" started-at="2022-12-08T12:43:40 IST" finished-at="1970-01-01T05:30:00 IST">
          <reporter-output>
          </reporter-output>
        </test-method> <!-- tearDown -->
      </class> <!-- Testcases.AJIO_01_PageTest -->
    </test> <!-- Default test -->
  </suite> <!-- Default suite -->
</testng-results>
